{
  "RSpec": {
    "coverage": {
      "/Users/sarah/Bibliateq/config/environment.rb": [
        null,
        1,
        null,
        null,
        1
      ],
      "/Users/sarah/Bibliateq/config/application.rb": [
        1,
        null,
        1,
        null,
        null,
        null,
        1,
        null,
        1,
        1,
        null,
        null,
        null,
        null,
        null,
        null,
        null,
        null,
        null,
        null,
        null,
        null,
        1,
        1,
        null,
        null,
        null
      ],
      "/Users/sarah/Bibliateq/config/boot.rb": [
        null,
        1,
        null,
        1
      ],
      "/Users/sarah/Bibliateq/config/environments/test.rb": [
        1,
        null,
        null,
        null,
        null,
        null,
        null,
        1,
        null,
        null,
        null,
        null,
        1,
        null,
        null,
        1,
        1,
        null,
        null,
        1,
        1,
        null,
        null,
        1,
        null,
        null,
        1,
        null,
        null,
        null,
        null,
        1,
        null,
        null,
        1,
        null,
        null,
        null,
        null
      ],
      "/Users/sarah/Bibliateq/config/initializers/assets.rb": [
        null,
        null,
        null,
        1,
        null,
        null,
        null,
        null
      ],
      "/Users/sarah/Bibliateq/config/initializers/backtrace_silencers.rb": [
        null,
        null,
        null,
        null,
        null,
        null,
        null
      ],
      "/Users/sarah/Bibliateq/config/initializers/cookies_serializer.rb": [
        null,
        null,
        1
      ],
      "/Users/sarah/Bibliateq/config/initializers/devise.rb": [
        null,
        null,
        1,
        null,
        null,
        null,
        null,
        null,
        null,
        null,
        null,
        null,
        1,
        null,
        null,
        null,
        null,
        null,
        null,
        null,
        null,
        1,
        null,
        null,
        null,
        null,
        null,
        null,
        null,
        null,
        null,
        null,
        null,
        null,
        null,
        null,
        null,
        null,
        null,
        null,
        null,
        null,
        null,
        1,
        null,
        null,
        null,
        null,
        1,
        null,
        null,
        null,
        null,
        null,
        null,
        null,
        null,
        null,
        null,
        null,
        null,
        null,
        null,
        null,
        null,
        null,
        null,
        null,
        null,
        null,
        null,
        null,
        null,
        null,
        null,
        null,
        null,
        null,
        null,
        1,
        null,
        null,
        null,
        null,
        null,
        null,
        null,
        null,
        null,
        null,
        null,
        null,
        null,
        null,
        null,
        null,
        1,
        null,
        null,
        null,
        null,
        null,
        null,
        null,
        null,
        null,
        null,
        null,
        null,
        null,
        null,
        null,
        null,
        null,
        null,
        null,
        null,
        null,
        null,
        null,
        null,
        1,
        null,
        null,
        null,
        null,
        null,
        null,
        null,
        null,
        null,
        1,
        null,
        null,
        null,
        null,
        null,
        null,
        null,
        null,
        null,
        null,
        1,
        null,
        null,
        null,
        null,
        null,
        null,
        null,
        null,
        null,
        null,
        null,
        null,
        null,
        null,
        null,
        null,
        null,
        null,
        null,
        null,
        null,
        null,
        null,
        null,
        null,
        null,
        null,
        null,
        null,
        null,
        null,
        null,
        null,
        null,
        null,
        null,
        null,
        null,
        null,
        null,
        null,
        null,
        null,
        null,
        null,
        null,
        null,
        null,
        1,
        null,
        null,
        null,
        null,
        null,
        null,
        null,
        null,
        null,
        null,
        null,
        null,
        null,
        null,
        null,
        null,
        null,
        null,
        null,
        null,
        null,
        null,
        null,
        null,
        null,
        null,
        null,
        null,
        null,
        null,
        null,
        null,
        null,
        null,
        null,
        null,
        null,
        1,
        null,
        null,
        null,
        null,
        null,
        null,
        null,
        null,
        null,
        null,
        null,
        null,
        null,
        null,
        null,
        null,
        null,
        null,
        null,
        null,
        null,
        null,
        null,
        null,
        null,
        null,
        null,
        null,
        null
      ],
      "/Users/sarah/Bibliateq/config/initializers/filter_parameter_logging.rb": [
        null,
        null,
        null,
        1
      ],
      "/Users/sarah/Bibliateq/config/initializers/inflections.rb": [
        null,
        null,
        null,
        null,
        null,
        null,
        null,
        null,
        null,
        null,
        null,
        null,
        null,
        null,
        null,
        null
      ],
      "/Users/sarah/Bibliateq/config/initializers/mime_types.rb": [
        null,
        null,
        null,
        null
      ],
      "/Users/sarah/Bibliateq/config/initializers/session_store.rb": [
        null,
        null,
        1
      ],
      "/Users/sarah/Bibliateq/config/initializers/wrap_parameters.rb": [
        null,
        null,
        null,
        null,
        null,
        null,
        1,
        1,
        null,
        null,
        null,
        null,
        null,
        null
      ],
      "/Users/sarah/Bibliateq/config/routes.rb": [
        1,
        null,
        null,
        1,
        null,
        1,
        null,
        1,
        1,
        null,
        1,
        1,
        null,
        1,
        1,
        null,
        1,
        1,
        1,
        1,
        null,
        null,
        null,
        null,
        null,
        null,
        null,
        null,
        null,
        null,
        null,
        null,
        null,
        null,
        null,
        null,
        null,
        null,
        null,
        null,
        null,
        null,
        null,
        null,
        null,
        null,
        null,
        null,
        null,
        null,
        null,
        null,
        null,
        null,
        null,
        null,
        null,
        null,
        null,
        null,
        null,
        null,
        null,
        null,
        null,
        null,
        null,
        null,
        null,
        null,
        null,
        null,
        null,
        null,
        null,
        null
      ],
      "/Users/sarah/Bibliateq/app/models/user.rb": [
        1,
        null,
        null,
        1,
        1,
        1,
        null,
        null,
        null,
        1,
        null,
        null,
        1,
        1,
        1,
        1,
        1,
        1,
        1,
        1,
        1,
        1,
        null,
        1,
        583,
        null,
        1,
        2,
        null,
        null,
        1,
        2,
        null,
        null,
        1,
        756,
        null,
        null,
        1,
        2,
        null,
        null,
        1,
        2,
        null,
        null,
        1,
        377,
        null,
        null,
        1,
        193,
        null,
        null,
        1,
        193,
        193,
        193,
        193,
        null,
        null,
        null
      ],
      "/Users/sarah/Bibliateq/app/helpers/application_helper.rb": [
        1,
        null,
        1,
        10,
        null,
        null,
        1,
        15,
        null,
        2,
        null,
        8,
        null,
        3,
        null,
        2,
        null,
        null,
        null,
        null,
        null
      ],
      "/Users/sarah/Bibliateq/app/helpers/books_helper.rb": [
        1,
        null
      ],
      "/Users/sarah/Bibliateq/app/helpers/dashboard_helper.rb": [
        1,
        null,
        1,
        9,
        38,
        9,
        null,
        null,
        null
      ],
      "/Users/sarah/Bibliateq/app/helpers/home_helper.rb": [
        1,
        null
      ],
      "/Users/sarah/Bibliateq/app/helpers/publishers_helper.rb": [
        1,
        null
      ],
      "/Users/sarah/Bibliateq/spec/factories/account.rb": [
        1,
        1,
        1,
        1,
        null,
        null
      ],
      "/Users/sarah/Bibliateq/spec/factories/book_author.rb": [
        1,
        1,
        null,
        null
      ],
      "/Users/sarah/Bibliateq/spec/factories/book_teams.rb": [
        1,
        1,
        1,
        null,
        null
      ],
      "/Users/sarah/Bibliateq/spec/factories/books.rb": [
        1,
        1,
        1,
        193,
        193,
        1,
        null,
        null
      ],
      "/Users/sarah/Bibliateq/spec/factories/event_attendees.rb": [
        1,
        1,
        null,
        null
      ],
      "/Users/sarah/Bibliateq/spec/factories/events.rb": [
        1,
        1,
        1,
        1,
        1,
        1,
        1,
        null,
        1,
        1,
        null,
        null,
        1,
        1,
        null,
        null,
        1,
        1,
        null,
        null,
        null,
        null
      ],
      "/Users/sarah/Bibliateq/spec/factories/imprints.rb": [
        1,
        1,
        1,
        null,
        null
      ],
      "/Users/sarah/Bibliateq/spec/factories/notifications.rb": [
        1,
        1,
        1,
        1,
        null,
        null
      ],
      "/Users/sarah/Bibliateq/spec/factories/preferences.rb": [
        1,
        1,
        1,
        null,
        null
      ],
      "/Users/sarah/Bibliateq/spec/factories/publishers.rb": [
        null,
        null,
        1,
        1,
        1,
        1,
        1,
        1,
        1,
        1,
        1,
        null,
        null
      ],
      "/Users/sarah/Bibliateq/spec/factories/tasks.rb": [
        1,
        1,
        1,
        1,
        1,
        1,
        1,
        null,
        null
      ],
      "/Users/sarah/Bibliateq/spec/factories/team_roles.rb": [
        1,
        1,
        1,
        null,
        null
      ],
      "/Users/sarah/Bibliateq/spec/factories/user_profiles.rb": [
        1,
        1,
        1,
        1,
        1,
        1,
        1,
        null,
        null
      ],
      "/Users/sarah/Bibliateq/spec/factories/users.rb": [
        1,
        1,
        329,
        1,
        1,
        1,
        375,
        null,
        1,
        1,
        null,
        null,
        1,
        1,
        null,
        null,
        1,
        1,
        1,
        189,
        189,
        null,
        null,
        null,
        1,
        1,
        null,
        null,
        1,
        1,
        null,
        null,
        null,
        null,
        null
      ],
      "/Users/sarah/Bibliateq/spec/support/database_cleaner.rb": [
        1,
        null,
        1,
        1,
        null,
        null,
        1,
        244,
        null,
        null,
        null,
        null,
        null,
        null,
        null,
        null,
        1,
        244,
        null,
        null,
        1,
        244,
        null,
        null,
        null
      ],
      "/Users/sarah/Bibliateq/spec/support/devise_support.rb": [
        null,
        1,
        null,
        1,
        null,
        null,
        1,
        1,
        1,
        1,
        null
      ],
      "/Users/sarah/Bibliateq/app/controllers/application_controller.rb": [
        1,
        null,
        null,
        1,
        1,
        1,
        null,
        1,
        null,
        null,
        1,
        null,
        1,
        33,
        33,
        17,
        7,
        null,
        null,
        null,
        null,
        1,
        6,
        null,
        1,
        null,
        2,
        null,
        2,
        null,
        1,
        null,
        null,
        null,
        1,
        64,
        null,
        null,
        null
      ],
      "/Users/sarah/Bibliateq/spec/controllers/books_controller_spec.rb": [
        1,
        null,
        1,
        null,
        1,
        24,
        24,
        24,
        24,
        144,
        null,
        null,
        1,
        1,
        2,
        null,
        1,
        1,
        null,
        1,
        1,
        1,
        null,
        null,
        null,
        1,
        1,
        3,
        null,
        1,
        1,
        null,
        1,
        1,
        null,
        1,
        1,
        null,
        null,
        null,
        1,
        1,
        1,
        4,
        4,
        null,
        null,
        1,
        1,
        null,
        1,
        1,
        null,
        1,
        1,
        null,
        1,
        1,
        null,
        null,
        1,
        1,
        4,
        4,
        null,
        1,
        1,
        null,
        1,
        1,
        null,
        1,
        1,
        null,
        1,
        1,
        null,
        null,
        null,
        null,
        1,
        1,
        2,
        2,
        null,
        1,
        1,
        null,
        1,
        1,
        null,
        null,
        null,
        1,
        1,
        1,
        3,
        null,
        1,
        1,
        null,
        1,
        1,
        null,
        1,
        1,
        null,
        null,
        1,
        1,
        3,
        null,
        null,
        1,
        1,
        null,
        1,
        1,
        null,
        1,
        1,
        null,
        null,
        null,
        null,
        1,
        1,
        3,
        3,
        null,
        1,
        1,
        null,
        1,
        1,
        null,
        1,
        1,
        null,
        null,
        null,
        null
      ],
      "/Users/sarah/Bibliateq/app/controllers/books_controller.rb": [
        1,
        1,
        1,
        null,
        null,
        null,
        1,
        2,
        null,
        null,
        null,
        null,
        1,
        2,
        null,
        null,
        null,
        1,
        3,
        null,
        null,
        null,
        1,
        null,
        null,
        null,
        null,
        1,
        8,
        8,
        8,
        4,
        8,
        4,
        null,
        null,
        4,
        4,
        4,
        4,
        null,
        4,
        null,
        null,
        null,
        null,
        null,
        null,
        1,
        6,
        6,
        6,
        3,
        null,
        3,
        3,
        3,
        null,
        3,
        null,
        null,
        null,
        null,
        null,
        null,
        1,
        3,
        3,
        6,
        3,
        null,
        null,
        null,
        1,
        null,
        1,
        11,
        null,
        null,
        null,
        1,
        14,
        null,
        null
      ],
      "/Users/sarah/Bibliateq/spec/controllers/dashboard_controller_spec.rb": [
        1,
        null,
        1,
        null,
        1,
        4,
        4,
        null,
        null,
        1,
        1,
        1,
        null,
        1,
        1,
        1,
        null,
        null,
        null,
        1,
        1,
        1,
        null,
        1,
        1,
        1,
        null,
        null,
        null,
        1,
        1,
        1,
        null,
        1,
        1,
        1,
        null,
        null,
        null,
        1,
        1,
        1,
        null,
        1,
        1,
        1,
        null,
        null,
        null,
        null
      ],
      "/Users/sarah/Bibliateq/app/controllers/dashboard_controller.rb": [
        1,
        1,
        null,
        1,
        2,
        null,
        null,
        1,
        3,
        null,
        null,
        1,
        3,
        3,
        null,
        null,
        1,
        2,
        null,
        null,
        1,
        null,
        1,
        10,
        null,
        null
      ],
      "/Users/sarah/Bibliateq/spec/controllers/home_controller_spec.rb": [
        1,
        null,
        1,
        1,
        1,
        1,
        null,
        1,
        1,
        1,
        1,
        null,
        null,
        null
      ],
      "/Users/sarah/Bibliateq/app/controllers/home_controller.rb": [
        1,
        1,
        null,
        null
      ],
      "/Users/sarah/Bibliateq/spec/controllers/publishers_controller_spec.rb": [
        1,
        null,
        1,
        null,
        1,
        17,
        17,
        17,
        null,
        null,
        1,
        1,
        3,
        null,
        1,
        1,
        null,
        1,
        1,
        1,
        null,
        1,
        1,
        null,
        null,
        null,
        1,
        1,
        2,
        null,
        1,
        1,
        null,
        1,
        1,
        null,
        null,
        null,
        1,
        1,
        1,
        3,
        null,
        1,
        1,
        null,
        1,
        1,
        null,
        1,
        1,
        null,
        null,
        1,
        1,
        4,
        null,
        1,
        1,
        null,
        1,
        1,
        null,
        1,
        1,
        null,
        1,
        1,
        null,
        null,
        null,
        null,
        1,
        1,
        3,
        3,
        null,
        1,
        1,
        null,
        1,
        1,
        null,
        1,
        1,
        null,
        null,
        null,
        1,
        1,
        2,
        null,
        1,
        1,
        null,
        1,
        1,
        null,
        null,
        null,
        null,
        null
      ],
      "/Users/sarah/Bibliateq/app/controllers/publishers_controller.rb": [
        1,
        1,
        null,
        1,
        null,
        1,
        3,
        3,
        null,
        null,
        1,
        2,
        2,
        null,
        null,
        1,
        null,
        null,
        1,
        7,
        7,
        6,
        3,
        null,
        4,
        4,
        4,
        null,
        4,
        null,
        null,
        null,
        null,
        1,
        3,
        3,
        3,
        null,
        null,
        null,
        1,
        2,
        null,
        null,
        1,
        1,
        12,
        null,
        null,
        1,
        7,
        null,
        null
      ],
      "/Users/sarah/Bibliateq/spec/controllers/registrations_controller_spec.rb": [
        1,
        null,
        1,
        null,
        null
      ],
      "/Users/sarah/Bibliateq/app/controllers/registrations_controller.rb": [
        1,
        null,
        1,
        null,
        1,
        3,
        null,
        null
      ],
      "/Users/sarah/Bibliateq/spec/controllers/user_profiles_controller_spec.rb": [
        1,
        null,
        1,
        null,
        1,
        5,
        5,
        5,
        5,
        null,
        null,
        1,
        1,
        2,
        null,
        1,
        1,
        null,
        1,
        1,
        null,
        null,
        null,
        1,
        1,
        1,
        3,
        null,
        1,
        1,
        null,
        1,
        1,
        null,
        1,
        1,
        null,
        null,
        null,
        null,
        null
      ],
      "/Users/sarah/Bibliateq/app/controllers/user_profiles_controller.rb": [
        1,
        1,
        null,
        1,
        null,
        1,
        2,
        null,
        null,
        1,
        null,
        null,
        1,
        3,
        3,
        6,
        3,
        null,
        null,
        null,
        null,
        1,
        1,
        5,
        null,
        null,
        1,
        3,
        null,
        null
      ],
      "/Users/sarah/Bibliateq/spec/helpers/application_helper_spec.rb": [
        1,
        null,
        1,
        null,
        1,
        6,
        6,
        6,
        null,
        null,
        1,
        1,
        1,
        null,
        1,
        1,
        null,
        null,
        null,
        1,
        1,
        1,
        1,
        1,
        null,
        1,
        1,
        1,
        1,
        null,
        1,
        1,
        1,
        1,
        null,
        1,
        1,
        1,
        1,
        null,
        null,
        null,
        null
      ],
      "/Users/sarah/Bibliateq/spec/helpers/dashboard_helper_spec.rb": [
        1,
        null,
        1,
        1,
        1,
        2,
        1,
        null,
        1,
        2,
        1,
        null,
        1,
        2,
        1,
        null,
        1,
        2,
        1,
        null,
        1,
        2,
        1,
        null,
        1,
        2,
        1,
        null,
        1,
        2,
        1,
        null,
        null,
        null
      ],
      "/Users/sarah/Bibliateq/spec/models/account_spec.rb": [
        1,
        null,
        1,
        1,
        7,
        7,
        7,
        null,
        null,
        1,
        5,
        2,
        2,
        2,
        2,
        null,
        null,
        1,
        1,
        1,
        1,
        null,
        null,
        null,
        1,
        1,
        1,
        1,
        null,
        1,
        1,
        null,
        null,
        null
      ],
      "/Users/sarah/Bibliateq/app/models/account.rb": [
        1,
        1,
        1,
        null
      ],
      "/Users/sarah/Bibliateq/spec/models/book_authors_spec.rb": [
        1,
        null,
        1,
        1,
        5,
        5,
        5,
        5,
        null,
        null,
        1,
        3,
        2,
        2,
        null,
        null,
        1,
        1,
        1,
        null,
        1,
        1,
        1,
        null,
        1,
        1,
        1,
        null,
        null,
        null,
        null
      ],
      "/Users/sarah/Bibliateq/app/models/book_author.rb": [
        1,
        1,
        1,
        null,
        1,
        null
      ],
      "/Users/sarah/Bibliateq/spec/models/book_team_spec.rb": [
        1,
        null,
        1,
        1,
        6,
        6,
        6,
        null,
        null,
        1,
        5,
        2,
        2,
        2,
        2,
        null,
        null,
        1,
        1,
        1,
        1,
        null,
        1,
        1,
        1,
        null,
        null,
        null
      ],
      "/Users/sarah/Bibliateq/app/models/book_team.rb": [
        1,
        1,
        null,
        1,
        null
      ],
      "/Users/sarah/Bibliateq/spec/models/books_spec.rb": [
        1,
        null,
        1,
        null,
        1,
        14,
        14,
        null,
        null,
        1,
        8,
        2,
        2,
        2,
        2,
        2,
        2,
        2,
        null,
        null,
        1,
        1,
        1,
        1,
        null,
        1,
        1,
        1,
        null,
        1,
        1,
        1,
        null,
        null,
        null,
        1,
        1,
        1,
        1,
        null,
        1,
        1,
        1,
        null,
        null,
        1,
        1,
        2,
        2,
        null,
        null,
        1,
        1,
        1,
        1,
        null,
        null,
        1,
        1,
        null,
        null,
        null,
        null,
        null
      ],
      "/Users/sarah/Bibliateq/app/models/book.rb": [
        1,
        null,
        1,
        null,
        1,
        1,
        1,
        null,
        null,
        1,
        null,
        null
      ],
      "/Users/sarah/Bibliateq/spec/models/event_attendee_spec.rb": [
        1,
        null,
        1,
        1,
        5,
        5,
        5,
        null,
        null,
        1,
        4,
        2,
        2,
        2,
        null,
        null,
        1,
        1,
        1,
        1,
        null,
        1,
        1,
        1,
        null,
        null,
        null
      ],
      "/Users/sarah/Bibliateq/app/models/event_attendee.rb": [
        1,
        1,
        1,
        1,
        null
      ],
      "/Users/sarah/Bibliateq/spec/models/event_spec.rb": [
        1,
        null,
        1,
        1,
        12,
        null,
        null,
        1,
        7,
        2,
        2,
        2,
        2,
        2,
        2,
        null,
        null,
        1,
        1,
        1,
        1,
        null,
        1,
        1,
        1,
        null,
        1,
        1,
        1,
        null,
        1,
        1,
        1,
        null,
        null,
        null,
        1,
        1,
        1,
        2,
        2,
        null,
        1,
        1,
        null,
        1,
        1,
        1,
        1,
        null,
        null,
        null,
        null
      ],
      "/Users/sarah/Bibliateq/app/models/event.rb": [
        1,
        1,
        null,
        1,
        null
      ],
      "/Users/sarah/Bibliateq/spec/models/imprint_spec.rb": [
        1,
        null,
        1,
        1,
        4,
        4,
        null,
        1,
        4,
        2,
        2,
        2,
        null,
        1,
        1,
        1,
        1,
        null,
        null,
        null
      ],
      "/Users/sarah/Bibliateq/app/models/imprint.rb": [
        1,
        1,
        null,
        1,
        null
      ],
      "/Users/sarah/Bibliateq/spec/models/notification_spec.rb": [
        1,
        null,
        1,
        1,
        7,
        null,
        1,
        6,
        2,
        2,
        2,
        2,
        2,
        null,
        1,
        1,
        1,
        1,
        null,
        1,
        1,
        1,
        null,
        null,
        null
      ],
      "/Users/sarah/Bibliateq/app/models/notification.rb": [
        1,
        null,
        1,
        null,
        null
      ],
      "/Users/sarah/Bibliateq/spec/models/preference_spec.rb": [
        1,
        null,
        1,
        1,
        5,
        5,
        null,
        1,
        3,
        2,
        2,
        null,
        1,
        1,
        1,
        1,
        null,
        null,
        1,
        1,
        1,
        1,
        null,
        1,
        1,
        1,
        null,
        null,
        null,
        null
      ],
      "/Users/sarah/Bibliateq/app/models/preference.rb": [
        1,
        1,
        1,
        null
      ],
      "/Users/sarah/Bibliateq/spec/models/publisher_spec.rb": [
        1,
        null,
        1,
        1,
        18,
        18,
        null,
        1,
        9,
        2,
        2,
        2,
        2,
        2,
        2,
        2,
        2,
        null,
        null,
        1,
        1,
        1,
        1,
        null,
        1,
        1,
        1,
        null,
        1,
        1,
        1,
        null,
        1,
        1,
        1,
        null,
        1,
        1,
        1,
        null,
        1,
        1,
        1,
        null,
        1,
        1,
        1,
        null,
        null,
        null,
        1,
        1,
        1,
        1,
        1,
        null,
        null,
        1,
        1,
        1,
        null,
        null,
        1,
        1,
        1,
        1,
        null,
        null,
        null,
        null
      ],
      "/Users/sarah/Bibliateq/app/models/publisher.rb": [
        1,
        null,
        1,
        1,
        null,
        1,
        1,
        1,
        null,
        1,
        null,
        null
      ],
      "/Users/sarah/Bibliateq/spec/models/task_spec.rb": [
        1,
        null,
        1,
        1,
        11,
        11,
        null,
        null,
        null,
        null,
        11,
        11,
        11,
        null,
        null,
        null,
        1,
        9,
        2,
        2,
        2,
        2,
        2,
        2,
        2,
        2,
        null,
        null,
        1,
        1,
        1,
        null,
        1,
        1,
        1,
        null,
        1,
        1,
        1,
        null,
        null,
        null
      ],
      "/Users/sarah/Bibliateq/app/models/task.rb": [
        1,
        1,
        null,
        1,
        null
      ],
      "/Users/sarah/Bibliateq/spec/models/team_role_spec.rb": [
        1,
        null,
        1,
        1,
        4,
        4,
        4,
        null,
        null,
        1,
        3,
        2,
        2,
        null,
        null,
        1,
        1,
        1,
        null,
        1,
        1,
        1,
        null,
        null,
        null
      ],
      "/Users/sarah/Bibliateq/app/models/team_role.rb": [
        1,
        1,
        null,
        1,
        null
      ],
      "/Users/sarah/Bibliateq/spec/models/user_profile_spec.rb": [
        1,
        null,
        1,
        1,
        11,
        11,
        null,
        1,
        9,
        2,
        2,
        2,
        2,
        2,
        2,
        2,
        2,
        null,
        1,
        1,
        1,
        1,
        null,
        null,
        1,
        1,
        1,
        1,
        null,
        1,
        1,
        1,
        null,
        null,
        null,
        null
      ],
      "/Users/sarah/Bibliateq/app/models/user_profile.rb": [
        1,
        1,
        null,
        1,
        null
      ],
      "/Users/sarah/Bibliateq/spec/models/users_spec.rb": [
        1,
        null,
        1,
        1,
        34,
        34,
        null,
        null,
        null,
        null,
        34,
        null,
        null,
        1,
        6,
        2,
        2,
        2,
        2,
        2,
        null,
        null,
        1,
        1,
        1,
        null,
        1,
        1,
        1,
        null,
        1,
        1,
        1,
        null,
        1,
        1,
        1,
        null,
        1,
        1,
        1,
        null,
        1,
        1,
        null,
        null,
        null,
        1,
        1,
        1,
        1,
        2,
        2,
        null,
        1,
        1,
        null,
        1,
        1,
        1,
        1,
        null,
        null,
        null,
        1,
        1,
        1,
        2,
        2,
        2,
        null,
        null,
        1,
        1,
        null,
        1,
        1,
        1,
        1,
        null,
        null,
        null,
        1,
        1,
        2,
        2,
        null,
        1,
        1,
        null,
        1,
        1,
        1,
        1,
        null,
        null,
        1,
        1,
        2,
        2,
        2,
        null,
        null,
        1,
        1,
        null,
        1,
        1,
        null,
        null,
        null,
        null,
        1,
        1,
        2,
        null,
        1,
        1,
        1,
        null,
        1,
        1,
        1,
        null,
        null,
        null,
        1,
        1,
        3,
        null,
        1,
        1,
        1,
        null,
        1,
        1,
        1,
        null,
        1,
        1,
        1,
        null,
        null,
        null,
        1,
        1,
        1,
        1,
        null,
        1,
        1,
        null,
        null,
        null,
        1,
        1,
        1,
        1,
        null,
        1,
        1,
        null,
        null,
        null,
        1,
        1,
        1,
        1,
        null,
        1,
        1,
        null,
        null,
        null,
        1,
        1,
        1,
        null,
        1,
        1,
        1,
        null,
        null,
        null,
        1,
        1,
        1,
        1,
        null,
        1,
        1,
        null,
        null,
        null
      ],
      "/Users/sarah/Bibliateq/spec/requests/registration_spec.rb": [
        1,
        null,
        1,
        1,
        1,
        1,
        1,
        1,
        1,
        1,
        1,
        null,
        null,
        1,
        1,
        1,
        1,
        1,
        1,
        1,
        1,
        null,
        1,
        1,
        1,
        1,
        1,
        1,
        1,
        null,
        1,
        1,
        1,
        1,
        1,
        1,
        1,
        null,
        1,
        1,
        1,
        1,
        1,
        1,
        1,
        1,
        null,
        null,
        null,
        null,
        1,
        null,
        null,
        1,
        null
      ],
      "/Users/sarah/Bibliateq/spec/requests/session_spec.rb": [
        1,
        null,
        1,
        1,
        1,
        5,
        5,
        null,
        1,
        1,
        1,
        1,
        1,
        1,
        1,
        null,
        1,
        1,
        1,
        1,
        1,
        1,
        null,
        1,
        1,
        1,
        1,
        1,
        1,
        1,
        null,
        1,
        1,
        1,
        1,
        1,
        1,
        1,
        null,
        1,
        1,
        1,
        1,
        1,
        1,
        1,
        null,
        null,
        1,
        1,
        1,
        1,
        1,
        1,
        1,
        1,
        null,
        1,
        1,
        1,
        1,
        1,
        1,
        1,
        null,
        null,
        null,
        null,
        1,
        1,
        1,
        1,
        null,
        1,
        1,
        1,
        1,
        1,
        1,
        1,
        1,
        1,
        null,
        null,
        null
      ],
      "/Users/sarah/Bibliateq/spec/requests/user_steps_spec.rb": [
        1,
        null,
        1,
        1,
        1,
        1,
        1,
        1,
        1,
        1,
        null,
        1,
        1,
        1,
        1,
        1,
        null,
        null,
        1,
        1,
        1,
        1,
        1,
        1,
        1,
        1,
        null,
        1,
        1,
        null,
        null,
        1,
        null,
        null
      ],
      "/Users/sarah/Bibliateq/spec/routing/publishers_routing_spec.rb": [
        1,
        null,
        1,
        1,
        null,
        1,
        1,
        null,
        null,
        1,
        1,
        null,
        null,
        1,
        1,
        null,
        null,
        1,
        1,
        null,
        null,
        1,
        1,
        null,
        null,
        1,
        1,
        null,
        null,
        1,
        1,
        null,
        null,
        null,
        null
      ],
      "/Users/sarah/Bibliateq/spec/routing/user_profiles_routing_spec.rb": [
        1,
        null,
        1,
        1,
        null,
        1,
        1,
        null,
        null,
        1,
        1,
        null,
        null,
        1,
        1,
        null,
        null,
        1,
        1,
        null,
        null,
        1,
        1,
        null,
        null,
        null,
        null
      ],
      "/Users/sarah/Bibliateq/app/controllers/user_steps_controller.rb": [
        1,
        1,
        null,
        1,
        null,
        1,
        5,
        5,
        5,
        null,
        null,
        1,
        2,
        2,
        2,
        2,
        null,
        null,
        1,
        1,
        2,
        null,
        null
      ]
    },
    "timestamp": 1445401173
  }
}
